[2021.06.17 07:19:52] INFO: "GET / HTTP/1.1" 200 1449
[2021.06.17 07:19:52] WARNING: "GET /static/%20bboard/style.css%20%3E HTTP/1.1" 404 1828
[2021.06.17 07:19:58] INFO: "POST / HTTP/1.1" 302 0
[2021.06.17 07:19:58] INFO: "GET /accounts/profile/ HTTP/1.1" 200 2928
[2021.06.17 07:19:58] WARNING: "GET /static/%20bboard/style.css%20%3E HTTP/1.1" 404 1828
[2021.06.17 07:19:58] WARNING: "GET /media/ HTTP/1.1" 404 3040
[2021.06.17 07:20:35] INFO: "GET /accounts/profile/2/ HTTP/1.1" 200 2708
[2021.06.17 07:20:35] WARNING: "GET /static/%20bboard/style.css%20%3E HTTP/1.1" 404 1828
[2021.06.17 07:20:35] WARNING: "GET /favicon.ico HTTP/1.1" 404 2817
[2021.06.17 07:20:36] INFO: "GET /accounts/profile/1/ HTTP/1.1" 200 3809
[2021.06.17 07:20:36] WARNING: "GET /static/%20bboard/style.css%20%3E HTTP/1.1" 404 1828
[2021.06.17 07:20:36] WARNING: "GET /favicon.ico HTTP/1.1" 404 2817
[2021.06.17 07:28:06] INFO: "GET / HTTP/1.1" 200 1449
[2021.06.17 07:28:06] WARNING: "GET /static/%20bboard/style.css%20%3E HTTP/1.1" 404 3193
[2021.06.17 07:28:06] WARNING: "GET /favicon.ico HTTP/1.1" 404 2941
[2021.06.17 07:28:11] INFO: "POST / HTTP/1.1" 302 0
[2021.06.17 07:28:11] INFO: "GET /accounts/profile/ HTTP/1.1" 200 2928
[2021.06.17 07:28:11] WARNING: "GET /media/ HTTP/1.1" 404 3040
[2021.06.17 07:28:11] WARNING: "GET /static/%20bboard/style.css%20%3E HTTP/1.1" 404 3193
[2021.06.17 07:28:12] WARNING: "GET /favicon.ico HTTP/1.1" 404 2941
[2021.06.17 13:17:56] INFO: "GET / HTTP/1.1" 200 1449
[2021.06.17 13:17:57] WARNING: "GET /static/%20bboard/style.css%20%3E HTTP/1.1" 404 1828
[2021.06.17 13:17:57] WARNING: "GET /apple-touch-icon-precomposed.png HTTP/1.1" 404 2880
[2021.06.17 13:17:57] WARNING: "GET /apple-touch-icon.png HTTP/1.1" 404 2844
